<?xml version="1.0" encoding="UTF-8"?>
<!-- Generated by org.testng.reporters.JUnitReportReporter -->
<testsuite hostname="DESKTOP-BKQ359T" failures="0" tests="2" name="test.Basics" time="0.005" errors="0" timestamp="2022-05-19T15:00:33 IST" skipped="0">
  <testcase classname="test.Basics" name="Demo" time="0.002"/>
  <system-out/>
  <testcase classname="test.Basics" name="secondTest" time="0.003"/>
  <system-out/>
</testsuite> <!-- test.Basics -->
