<?xml version="1.0" encoding="UTF-8"?>
<!-- Generated by org.testng.reporters.JUnitReportReporter -->
<testsuite hostname="DESKTOP-BKQ359T" failures="0" tests="3" name="test.Basics3" time="0.015" errors="0" timestamp="2022-05-19T15:00:33 IST" skipped="0">
  <testcase classname="test.Basics3" name="APILoginCar" time="0.011"/>
  <system-out/>
  <testcase classname="test.Basics3" name="webLoginCar" time="0.002"/>
  <system-out/>
  <testcase classname="test.Basics3" name="mobileLoginCar" time="0.002"/>
  <system-out/>
</testsuite> <!-- test.Basics3 -->
