<?xml version="1.0" encoding="UTF-8"?>
<!-- Generated by org.testng.reporters.JUnitReportReporter -->
<testsuite hostname="DESKTOP-BKQ359T" failures="0" tests="3" name="test.Grouping" time="0.020" errors="0" timestamp="2022-05-19T15:00:56 IST" skipped="0">
  <testcase classname="test.Grouping" name="group1" time="0.013"/>
  <system-out/>
  <testcase classname="test.Grouping" name="group3" time="0.004"/>
  <system-out/>
  <testcase classname="test.Grouping" name="group2" time="0.003"/>
  <system-out/>
</testsuite> <!-- test.Grouping -->
