<?xml version="1.0" encoding="UTF-8"?>
<!-- Generated by org.testng.reporters.JUnitReportReporter -->
<testsuite hostname="DESKTOP-BKQ359T" failures="0" tests="3" name="test.Basics4" time="0.006" errors="0" timestamp="2022-05-19T15:00:33 IST" skipped="0">
  <testcase classname="test.Basics4" name="webLoginHome" time="0.002"/>
  <system-out/>
  <testcase classname="test.Basics4" name="APILoginHome" time="0.002"/>
  <system-out/>
  <testcase classname="test.Basics4" name="mobileLoginHome" time="0.002"/>
  <system-out/>
</testsuite> <!-- test.Basics4 -->
