<?xml version="1.0" encoding="UTF-8"?>
<!-- Generated by org.testng.reporters.JUnitReportReporter -->
<testsuite hostname="DESKTOP-BKQ359T" failures="0" tests="3" name="test.DependencyOnGroup" time="0.016" errors="0" timestamp="2022-05-19T15:31:06 IST" skipped="0">
  <testcase classname="test.DependencyOnGroup" name="nextMethod" time="0.003"/>
  <system-out/>
  <testcase classname="test.DependencyOnGroup" name="baseMethod" time="0.012"/>
  <system-out/>
  <testcase classname="test.DependencyOnGroup" name="finalMethod" time="0.001"/>
  <system-out/>
</testsuite> <!-- test.DependencyOnGroup -->
