<?xml version="1.0" encoding="UTF-8"?>
<!-- Generated by org.testng.reporters.JUnitReportReporter -->
<testsuite hostname="DESKTOP-BKQ359T" failures="0" tests="1" name="test.Basics2" time="0.002" errors="0" timestamp="2022-05-19T15:00:33 IST" skipped="0">
  <testcase classname="test.Basics2" name="homeLoan" time="0.002"/>
  <system-out/>
</testsuite> <!-- test.Basics2 -->
