<?xml version="1.0" encoding="UTF-8"?>
<!-- Generated by org.testng.reporters.JUnitReportReporter -->
<testsuite hostname="DESKTOP-BKQ359T" failures="0" tests="3" name="test.DependencyAttribute" time="0.017" errors="0" timestamp="2022-05-19T15:20:55 IST" skipped="0">
  <testcase classname="test.DependencyAttribute" name="finalMethod" time="0.001"/>
  <system-out/>
  <testcase classname="test.DependencyAttribute" name="nextMethod" time="0.014"/>
  <system-out/>
  <testcase classname="test.DependencyAttribute" name="baseMethod" time="0.002"/>
  <system-out/>
</testsuite> <!-- test.DependencyAttribute -->
